<?xml version="1.0" encoding="UTF-8"?>
<!-- Generated by org.testng.reporters.JUnitReportReporter -->
<testsuite hostname="DESKTOP-DSHL1C6" failures="0" tests="3" name="testngdemo1.Demo3" time="9.862" errors="0" timestamp="2023-01-02T12:16:55 IST" skipped="0">
  <testcase classname="testngdemo1.Demo3" name="setUp" time="6.511"/>
  <system-out/>
  <testcase classname="testngdemo1.Demo3" name="loginFuctionality" time="0.673"/>
  <system-out/>
  <testcase classname="testngdemo1.Demo3" name="validatePIMPageTitle" time="2.678"/>
  <system-out/>
</testsuite> <!-- testngdemo1.Demo3 -->
