<?xml version="1.0" encoding="UTF-8"?>
<!-- Generated by org.testng.reporters.JUnitReportReporter -->
<testsuite hostname="DESKTOP-DSHL1C6" failures="0" tests="2" name="testngdemo1.Demo5" time="0.017" errors="0" timestamp="2023-01-02T12:47:44 IST" skipped="0">
  <testcase classname="testngdemo1.Demo5" name="abc" time="0.009"/>
  <system-out/>
  <testcase classname="testngdemo1.Demo5" name="pqr" time="0.008"/>
  <system-out/>
</testsuite> <!-- testngdemo1.Demo5 -->
