<?xml version="1.0" encoding="UTF-8"?>
<!-- Generated by org.testng.reporters.JUnitReportReporter -->
<testsuite hostname="DESKTOP-DSHL1C6" failures="0" tests="3" name="testngdemo1.Demo2" time="0.016" errors="0" timestamp="2023-01-02T12:08:55 IST" skipped="0">
  <testcase classname="testngdemo1.Demo2" name="admin" time="0.013"/>
  <system-out/>
  <testcase classname="testngdemo1.Demo2" name="home" time="0.002"/>
  <system-out/>
  <testcase classname="testngdemo1.Demo2" name="login" time="0.001"/>
  <system-out/>
</testsuite> <!-- testngdemo1.Demo2 -->
