<?xml version="1.0" encoding="UTF-8"?>
<!-- Generated by org.testng.reporters.JUnitReportReporter -->
<testsuite hostname="DESKTOP-DSHL1C6" failures="0" tests="1" name="testlayer.Loginpage" time="0.658" errors="0" timestamp="2023-02-25T14:18:24 IST" skipped="0">
  <testcase classname="testlayer.Loginpage" name="Loginpagefunctionality" time="0.658"/>
  <system-out/>
</testsuite> <!-- testlayer.Loginpage -->
