<?xml version="1.0" encoding="UTF-8"?>
<!-- Generated by org.testng.reporters.JUnitReportReporter -->
<testsuite hostname="DESKTOP-DSHL1C6" failures="0" tests="2" name="testngdemo1.Demo4" time="29.827" errors="0" timestamp="2023-01-02T13:25:14 IST" skipped="0">
  <testcase classname="testngdemo1.Demo4" name="googleTitle" time="6.401"/>
  <system-out/>
  <testcase classname="testngdemo1.Demo4" name="facebookTitle" time="23.426"/>
  <system-out/>
</testsuite> <!-- testngdemo1.Demo4 -->
