<?xml version="1.0" encoding="UTF-8"?>
<!-- Generated by org.testng.reporters.JUnitReportReporter -->
<testsuite hostname="DESKTOP-DSHL1C6" failures="0" tests="3" name="tutorial1.Demo1" time="0.008" errors="0" timestamp="2023-01-03T13:49:09 IST" skipped="0">
  <testcase classname="tutorial1.Demo1" name="a1" time="0.003"/>
  <system-out/>
  <testcase classname="tutorial1.Demo1" name="a3" time="0.002"/>
  <system-out/>
  <testcase classname="tutorial1.Demo1" name="a2" time="0.003"/>
  <system-out/>
</testsuite> <!-- tutorial1.Demo1 -->
