<?xml version="1.0" encoding="UTF-8"?>
<!-- Generated by org.testng.reporters.JUnitReportReporter -->
<testsuite hostname="DESKTOP-DSHL1C6" failures="0" tests="3" name="testngdemo1.Demo1" time="4.670" errors="0" timestamp="2023-01-02T13:14:50 IST" skipped="0">
  <testcase classname="testngdemo1.Demo1" name="setup" time="4.654"/>
  <system-out/>
  <testcase classname="testngdemo1.Demo1" name="abc" time="0.014"/>
  <system-out/>
  <testcase classname="testngdemo1.Demo1" name="closebrouser" time="0.002"/>
  <system-out/>
</testsuite> <!-- testngdemo1.Demo1 -->
